#
# There is insufficient memory for the Java Runtime Environment to continue.
# Native memory allocation (malloc) failed to allocate 2505904 bytes for Chunk::new
# Possible reasons:
#   The system is out of physical RAM or swap space
#   In 32 bit mode, the process size limit was hit
# Possible solutions:
#   Reduce memory load on the system
#   Increase physical memory or swap space
#   Check if swap backing store is full
#   Use 64 bit Java on a 64 bit OS
#   Decrease Java heap size (-Xmx/-Xms)
#   Decrease number of Java threads
#   Decrease Java thread stack sizes (-Xss)
#   Set larger code cache with -XX:ReservedCodeCacheSize=
# This output file may be truncated or incomplete.
#
#  Out of Memory Error (allocation.cpp:390), pid=6760, tid=7016
#
# JRE version: Java(TM) SE Runtime Environment (8.0_60-b27) (build 1.8.0_60-b27)
# Java VM: Java HotSpot(TM) 64-Bit Server VM (25.60-b23 mixed mode windows-amd64 compressed oops)
# Failed to write core dump. Minidumps are not enabled by default on client versions of Windows
#

---------------  T H R E A D  ---------------

Current thread (0x00000000175bb800):  JavaThread "C2 CompilerThread1" daemon [_thread_in_native, id=7016, stack(0x0000000019da0000,0x0000000019ea0000)]

Stack: [0x0000000019da0000,0x0000000019ea0000]
[error occurred during error reporting (printing stack bounds), id 0xc0000005]

Native frames: (J=compiled Java code, j=interpreted, Vv=VM code, C=native code)


Current CompileTask:
C2: 133457 12549       4       org.springframework.transaction.interceptor.TransactionInterceptor::invoke (44 bytes)


---------------  P R O C E S S  ---------------

Java Threads: ( => current thread )
  0x000000001a9af800 JavaThread "http-nio-8080-exec-10" daemon [_thread_blocked, id=2208, stack(0x0000000026890000,0x0000000026990000)]
  0x000000001a9af000 JavaThread "http-nio-8080-exec-9" daemon [_thread_in_Java, id=5652, stack(0x0000000026790000,0x0000000026890000)]
  0x000000001a9ae000 JavaThread "http-nio-8080-exec-8" daemon [_thread_in_Java, id=6072, stack(0x0000000025990000,0x0000000025a90000)]
  0x000000001a9ac000 JavaThread "http-nio-8080-exec-7" daemon [_thread_blocked, id=6916, stack(0x0000000025890000,0x0000000025990000)]
  0x000000001a9ac800 JavaThread "http-nio-8080-exec-6" daemon [_thread_blocked, id=1812, stack(0x0000000025790000,0x0000000025890000)]
  0x000000001a9a8000 JavaThread "http-nio-8080-exec-5" daemon [_thread_in_native, id=2008, stack(0x0000000025690000,0x0000000025790000)]
  0x000000001a9ab000 JavaThread "http-nio-8080-exec-4" daemon [_thread_in_Java, id=5428, stack(0x0000000025310000,0x0000000025410000)]
  0x000000001a9a9800 JavaThread "http-nio-8080-exec-3" daemon [_thread_in_Java, id=1808, stack(0x0000000025210000,0x0000000025310000)]
  0x000000001a9a9000 JavaThread "http-nio-8080-exec-2" daemon [_thread_in_native, id=232, stack(0x0000000021280000,0x0000000021380000)]
  0x000000001a9a7800 JavaThread "http-nio-8080-exec-1" daemon [_thread_blocked, id=4700, stack(0x000000001bb70000,0x000000001bc70000)]
  0x000000001a9aa800 JavaThread "DestroyJavaVM" [_thread_blocked, id=5784, stack(0x00000000024a0000,0x00000000025a0000)]
  0x000000001a9a3800 JavaThread "http-nio-8080-Acceptor-0" daemon [_thread_in_native, id=4480, stack(0x0000000024c40000,0x0000000024d40000)]
  0x000000001a9a6000 JavaThread "http-nio-8080-ClientPoller-1" daemon [_thread_in_native, id=2488, stack(0x0000000023390000,0x0000000023490000)]
  0x000000001a9a5000 JavaThread "http-nio-8080-ClientPoller-0" daemon [_thread_blocked, id=4732, stack(0x0000000023290000,0x0000000023390000)]
  0x000000001a9a6800 JavaThread "NioBlockingSelector.BlockPoller-1" daemon [_thread_in_native, id=3848, stack(0x00000000248f0000,0x00000000249f0000)]
  0x000000001a9a2000 JavaThread "Live Reload Server" daemon [_thread_in_native, id=3892, stack(0x0000000023190000,0x0000000023290000)]
  0x000000001a9a1800 JavaThread "File Watcher" daemon [_thread_in_native, id=2248, stack(0x0000000021480000,0x0000000021580000)]
  0x000000001e72c800 JavaThread "Tomcat JDBC Pool Cleaner[1309552426:1457644760801]" daemon [_thread_blocked, id=5308, stack(0x00000000215b0000,0x00000000216b0000)]
  0x000000001e72f800 JavaThread "container-0" [_thread_blocked, id=3524, stack(0x0000000021380000,0x0000000021480000)]
  0x000000001e72e800 JavaThread "ContainerBackgroundProcessor[StandardEngine[Tomcat].StandardHost[localhost].StandardContext[]]" daemon [_thread_blocked, id=3580, stack(0x000000001fac0000,0x000000001fbc0000)]
  0x0000000019765000 JavaThread "Service Thread" daemon [_thread_blocked, id=3832, stack(0x000000001a0a0000,0x000000001a1a0000)]
  0x000000001972a000 JavaThread "C1 CompilerThread3" daemon [_thread_blocked, id=3628, stack(0x0000000019fa0000,0x000000001a0a0000)]
  0x00000000175be800 JavaThread "C2 CompilerThread2" daemon [_thread_blocked, id=4476, stack(0x0000000019ea0000,0x0000000019fa0000)]
=>0x00000000175bb800 JavaThread "C2 CompilerThread1" daemon [_thread_in_native, id=7016, stack(0x0000000019da0000,0x0000000019ea0000)]
  0x00000000196d4000 JavaThread "C2 CompilerThread0" daemon [_thread_in_native, id=2264, stack(0x0000000019ca0000,0x0000000019da0000)]
  0x00000000196cf000 JavaThread "Attach Listener" daemon [_thread_blocked, id=4928, stack(0x0000000019ba0000,0x0000000019ca0000)]
  0x00000000196ce000 JavaThread "Signal Dispatcher" daemon [_thread_blocked, id=6244, stack(0x0000000019aa0000,0x0000000019ba0000)]
  0x00000000026ad000 JavaThread "Finalizer" daemon [_thread_blocked, id=5456, stack(0x00000000194a0000,0x00000000195a0000)]
  0x00000000175ad000 JavaThread "Reference Handler" daemon [_thread_blocked, id=4032, stack(0x00000000193a0000,0x00000000194a0000)]

Other Threads:
  0x00000000175a9000 VMThread [stack: 0x00000000192a0000,0x00000000193a0000] [id=4148]
  0x0000000019768800 WatcherThread [stack: 0x000000001a1a0000,0x000000001a2a0000] [id=5704]

VM state:not at safepoint (normal execution)

VM Mutex/Monitor currently owned by a thread: None

Heap:
 PSYoungGen      total 613376K, used 461213K [0x00000000d6980000, 0x00000000fc480000, 0x0000000100000000)
  eden space 612352K, 75% used [0x00000000d6980000,0x00000000f2b4f4e0,0x00000000fbf80000)
  from space 1024K, 59% used [0x00000000fc380000,0x00000000fc418000,0x00000000fc480000)
  to   space 2048K, 0% used [0x00000000fc080000,0x00000000fc080000,0x00000000fc280000)
 ParOldGen       total 99328K, used 51787K [0x0000000083c00000, 0x0000000089d00000, 0x00000000d6980000)
  object space 99328K, 52% used [0x0000000083c00000,0x0000000086e92c88,0x0000000089d00000)
 Metaspace       used 57741K, capacity 58500K, committed 58752K, reserved 1101824K
  class space    used 6807K, capacity 7036K, committed 7040K, reserved 1048576K

Card table byte_map: [0x0000000011b20000,0x0000000011f10000] byte_map_base: 0x0000000011702000

Marking Bits: (ParMarkBitMap*) 0x000000005fcca5b0
 Begin Bits: [0x00000000129b0000, 0x00000000148c0000)
 End Bits:   [0x00000000148c0000, 0x00000000167d0000)

Polling page: 0x00000000007d0000

CodeCache: size=245760Kb used=35930Kb max_used=38104Kb free=209829Kb
 bounds [0x0000000002760000, 0x0000000004df0000, 0x0000000011760000]
 total_blobs=9953 nmethods=9394 adapters=470
 compilation: enabled

Compilation events (10 events):
Event: 110.661 Thread 0x00000000175be800 12545       4       org.springframework.web.servlet.handler.AbstractHandlerMapping::getHandler (106 bytes)
Event: 110.929 Thread 0x00000000175be800 nmethod 12545 0x0000000004670d10 code [0x0000000004671120, 0x0000000004673428]
Event: 118.320 Thread 0x00000000175bb800 12546       4       org.springframework.data.repository.core.support.TransactionalRepositoryProxyPostProcessor$AbstractFallbackTransactionAttributeSource$DefaultCacheKey::hashCode (30 bytes)
Event: 118.348 Thread 0x00000000175bb800 nmethod 12546 0x000000000463aa90 code [0x000000000463ac00, 0x000000000463afd8]
Event: 118.451 Thread 0x00000000196d4000 12547       4       org.springframework.data.repository.core.support.TransactionalRepositoryProxyPostProcessor$AbstractFallbackTransactionAttributeSource$DefaultCacheKey::equals (55 bytes)
Event: 118.467 Thread 0x00000000196d4000 nmethod 12547 0x00000000043d14d0 code [0x00000000043d1620, 0x00000000043d18a8]
Event: 118.580 Thread 0x00000000175be800 12548       4       org.springframework.transaction.interceptor.AbstractFallbackTransactionAttributeSource::getTransactionAttribute (166 bytes)
Event: 119.942 Thread 0x00000000175bb800 12549       4       org.springframework.transaction.interceptor.TransactionInterceptor::invoke (44 bytes)
Event: 119.989 Thread 0x00000000196d4000 12550   !   4       org.springframework.transaction.interceptor.TransactionAspectSupport::invokeWithinTransaction (164 bytes)
Event: 120.819 Thread 0x00000000175be800 nmethod 12548 0x0000000004dc6d50 code [0x0000000004dc7680, 0x0000000004dd0ef0]

GC Heap History (10 events):
Event: 101.958 GC heap before
{Heap before GC invocations=54 (full 2):
 PSYoungGen      total 583168K, used 580640K [0x00000000d6980000, 0x00000000fb680000, 0x0000000100000000)
  eden space 580096K, 100% used [0x00000000d6980000,0x00000000fa000000,0x00000000fa000000)
  from space 3072K, 17% used [0x00000000fa000000,0x00000000fa088000,0x00000000fa300000)
  to   space 3072K, 0% used [0x00000000fb380000,0x00000000fb380000,0x00000000fb680000)
 ParOldGen       total 99328K, used 51699K [0x0000000083c00000, 0x0000000089d00000, 0x00000000d6980000)
  object space 99328K, 52% used [0x0000000083c00000,0x0000000086e7cc88,0x0000000089d00000)
 Metaspace       used 57741K, capacity 58500K, committed 58752K, reserved 1101824K
  class space    used 6807K, capacity 7036K, committed 7040K, reserved 1048576K
Event: 101.960 GC heap after
Heap after GC invocations=54 (full 2):
 PSYoungGen      total 594432K, used 320K [0x00000000d6980000, 0x00000000fb400000, 0x0000000100000000)
  eden space 593920K, 0% used [0x00000000d6980000,0x00000000d6980000,0x00000000fad80000)
  from space 512K, 62% used [0x00000000fb380000,0x00000000fb3d0000,0x00000000fb400000)
  to   space 3072K, 0% used [0x00000000fae00000,0x00000000fae00000,0x00000000fb100000)
 ParOldGen       total 99328K, used 51715K [0x0000000083c00000, 0x0000000089d00000, 0x00000000d6980000)
  object space 99328K, 52% used [0x0000000083c00000,0x0000000086e80c88,0x0000000089d00000)
 Metaspace       used 57741K, capacity 58500K, committed 58752K, reserved 1101824K
  class space    used 6807K, capacity 7036K, committed 7040K, reserved 1048576K
}
Event: 104.399 GC heap before
{Heap before GC invocations=55 (full 2):
 PSYoungGen      total 594432K, used 594240K [0x00000000d6980000, 0x00000000fb400000, 0x0000000100000000)
  eden space 593920K, 100% used [0x00000000d6980000,0x00000000fad80000,0x00000000fad80000)
  from space 512K, 62% used [0x00000000fb380000,0x00000000fb3d0000,0x00000000fb400000)
  to   space 3072K, 0% used [0x00000000fae00000,0x00000000fae00000,0x00000000fb100000)
 ParOldGen       total 99328K, used 51715K [0x0000000083c00000, 0x0000000089d00000, 0x00000000d6980000)
  object space 99328K, 52% used [0x0000000083c00000,0x0000000086e80c88,0x0000000089d00000)
 Metaspace       used 57741K, capacity 58500K, committed 58752K, reserved 1101824K
  class space    used 6807K, capacity 7036K, committed 7040K, reserved 1048576K
Event: 104.402 GC heap after
Heap after GC invocations=55 (full 2):
 PSYoungGen      total 597504K, used 480K [0x00000000d6980000, 0x00000000fbe00000, 0x0000000100000000)
  eden space 594432K, 0% used [0x00000000d6980000,0x00000000d6980000,0x00000000fae00000)
  from space 3072K, 15% used [0x00000000fae00000,0x00000000fae78000,0x00000000fb100000)
  to   space 2560K, 0% used [0x00000000fbb80000,0x00000000fbb80000,0x00000000fbe00000)
 ParOldGen       total 99328K, used 51763K [0x0000000083c00000, 0x0000000089d00000, 0x00000000d6980000)
  object space 99328K, 52% used [0x0000000083c00000,0x0000000086e8cc88,0x0000000089d00000)
 Metaspace       used 57741K, capacity 58500K, committed 58752K, reserved 1101824K
  class space    used 6807K, capacity 7036K, committed 7040K, reserved 1048576K
}
Event: 106.657 GC heap before
{Heap before GC invocations=56 (full 2):
 PSYoungGen      total 597504K, used 594912K [0x00000000d6980000, 0x00000000fbe00000, 0x0000000100000000)
  eden space 594432K, 100% used [0x00000000d6980000,0x00000000fae00000,0x00000000fae00000)
  from space 3072K, 15% used [0x00000000fae00000,0x00000000fae78000,0x00000000fb100000)
  to   space 2560K, 0% used [0x00000000fbb80000,0x00000000fbb80000,0x00000000fbe00000)
 ParOldGen       total 99328K, used 51763K [0x0000000083c00000, 0x0000000089d00000, 0x00000000d6980000)
  object space 99328K, 52% used [0x0000000083c00000,0x0000000086e8cc88,0x0000000089d00000)
 Metaspace       used 57741K, capacity 58500K, committed 58752K, reserved 1101824K
  class space    used 6807K, capacity 7036K, committed 7040K, reserved 1048576K
Event: 106.660 GC heap after
Heap after GC invocations=56 (full 2):
 PSYoungGen      total 606208K, used 480K [0x00000000d6980000, 0x00000000fbd00000, 0x0000000100000000)
  eden space 604672K, 0% used [0x00000000d6980000,0x00000000d6980000,0x00000000fb800000)
  from space 1536K, 31% used [0x00000000fbb80000,0x00000000fbbf8000,0x00000000fbd00000)
  to   space 2560K, 0% used [0x00000000fb800000,0x00000000fb800000,0x00000000fba80000)
 ParOldGen       total 99328K, used 51771K [0x0000000083c00000, 0x0000000089d00000, 0x00000000d6980000)
  object space 99328K, 52% used [0x0000000083c00000,0x0000000086e8ec88,0x0000000089d00000)
 Metaspace       used 57741K, capacity 58500K, committed 58752K, reserved 1101824K
  class space    used 6807K, capacity 7036K, committed 7040K, reserved 1048576K
}
Event: 108.804 GC heap before
{Heap before GC invocations=57 (full 2):
 PSYoungGen      total 606208K, used 605152K [0x00000000d6980000, 0x00000000fbd00000, 0x0000000100000000)
  eden space 604672K, 100% used [0x00000000d6980000,0x00000000fb800000,0x00000000fb800000)
  from space 1536K, 31% used [0x00000000fbb80000,0x00000000fbbf8000,0x00000000fbd00000)
  to   space 2560K, 0% used [0x00000000fb800000,0x00000000fb800000,0x00000000fba80000)
 ParOldGen       total 99328K, used 51771K [0x0000000083c00000, 0x0000000089d00000, 0x00000000d6980000)
  object space 99328K, 52% used [0x0000000083c00000,0x0000000086e8ec88,0x0000000089d00000)
 Metaspace       used 57741K, capacity 58500K, committed 58752K, reserved 1101824K
  class space    used 6807K, capacity 7036K, committed 7040K, reserved 1048576K
Event: 108.807 GC heap after
Heap after GC invocations=57 (full 2):
 PSYoungGen      total 607232K, used 544K [0x00000000d6980000, 0x00000000fc600000, 0x0000000100000000)
  eden space 604672K, 0% used [0x00000000d6980000,0x00000000d6980000,0x00000000fb800000)
  from space 2560K, 21% used [0x00000000fb800000,0x00000000fb888000,0x00000000fba80000)
  to   space 2560K, 0% used [0x00000000fc380000,0x00000000fc380000,0x00000000fc600000)
 ParOldGen       total 99328K, used 51779K [0x0000000083c00000, 0x0000000089d00000, 0x00000000d6980000)
  object space 99328K, 52% used [0x0000000083c00000,0x0000000086e90c88,0x0000000089d00000)
 Metaspace       used 57741K, capacity 58500K, committed 58752K, reserved 1101824K
  class space    used 6807K, capacity 7036K, committed 7040K, reserved 1048576K
}
Event: 120.001 GC heap before
{Heap before GC invocations=58 (full 2):
 PSYoungGen      total 607232K, used 605216K [0x00000000d6980000, 0x00000000fc600000, 0x0000000100000000)
  eden space 604672K, 100% used [0x00000000d6980000,0x00000000fb800000,0x00000000fb800000)
  from space 2560K, 21% used [0x00000000fb800000,0x00000000fb888000,0x00000000fba80000)
  to   space 2560K, 0% used [0x00000000fc380000,0x00000000fc380000,0x00000000fc600000)
 ParOldGen       total 99328K, used 51779K [0x0000000083c00000, 0x0000000089d00000, 0x00000000d6980000)
  object space 99328K, 52% used [0x0000000083c00000,0x0000000086e90c88,0x0000000089d00000)
 Metaspace       used 57741K, capacity 58500K, committed 58752K, reserved 1101824K
  class space    used 6807K, capacity 7036K, committed 7040K, reserved 1048576K
Event: 120.008 GC heap after
Heap after GC invocations=58 (full 2):
 PSYoungGen      total 613376K, used 608K [0x00000000d6980000, 0x00000000fc480000, 0x0000000100000000)
  eden space 612352K, 0% used [0x00000000d6980000,0x00000000d6980000,0x00000000fbf80000)
  from space 1024K, 59% used [0x00000000fc380000,0x00000000fc418000,0x00000000fc480000)
  to   space 2048K, 0% used [0x00000000fc080000,0x00000000fc080000,0x00000000fc280000)
 ParOldGen       total 99328K, used 51787K [0x0000000083c00000, 0x0000000089d00000, 0x00000000d6980000)
  object space 99328K, 52% used [0x0000000083c00000,0x0000000086e92c88,0x0000000089d00000)
 Metaspace       used 57741K, capacity 58500K, committed 58752K, reserved 1101824K
  class space    used 6807K, capacity 7036K, committed 7040K, reserved 1048576K
}

Deoptimization events (10 events):
Event: 98.113 Thread 0x000000001a9af800 Uncommon trap: reason=class_check action=maybe_recompile pc=0x0000000004859c30 method=org.apache.coyote.http11.AbstractInputBuffer.nextRequest()V @ 85
Event: 98.113 Thread 0x000000001a9af800 Uncommon trap: reason=class_check action=maybe_recompile pc=0x00000000039fe7e0 method=org.apache.coyote.http11.AbstractOutputBuffer.nextRequest()V @ 16
Event: 98.112 Thread 0x000000001a9ae000 Uncommon trap: reason=unstable_if action=reinterpret pc=0x0000000002b16a90 method=com.fasterxml.jackson.databind.introspect.JacksonAnnotationIntrospector.findObjectIdInfo(Lcom/fasterxml/jackson/databind/introspect/Annotated;)Lcom/fasterxml/jackson/databind
Event: 98.113 Thread 0x000000001a9ae000 Uncommon trap: reason=null_check action=make_not_entrant pc=0x0000000003fc627c method=com.fasterxml.jackson.databind.ser.DefaultSerializerProvider.findObjectId(Ljava/lang/Object;Lcom/fasterxml/jackson/annotation/ObjectIdGenerator;)Lcom/fasterxml/jackson/dahJ*‡X@
Event: 98.112 Thread 0x000000001a9ab000 Uncommon trap: reason=unstable_if action=reinterpret pc=0x000000000440bff8 method=com.fasterxml.jackson.core.io.SerializedString.appendQuotedUTF8([BI)I @ 6
Event: 98.115 Thread 0x000000001a9a9800 Uncommon trap: reason=class_check action=maybe_recompile pc=0x0000000004898264 method=com.fasterxml.jackson.databind.ser.impl.ReadOnlyClassToSerializerMap$Bucket.matchesUntyped(Lcom/fasterxml/jackson/databind/JavaType;)Z @ 12
Event: 98.115 Thread 0x000000001a9a9800 Uncommon trap: reason=predicate action=maybe_recompile pc=0x00000000046a9d10 method=com.fasterxml.jackson.databind.ser.std.CollectionSerializer.serializeContents(Ljava/util/Collection;Lcom/fasterxml/jackson/core/JsonGenerator;Lcom/fasterxml/jackson/databinz¡wæb‡X@
Event: 98.115 Thread 0x000000001a9a9800 Uncommon trap: reason=class_check action=maybe_recompile pc=0x0000000004898264 method=com.fasterxml.jackson.databind.ser.impl.ReadOnlyClassToSerializerMap$Bucket.matchesUntyped(Lcom/fasterxml/jackson/databind/JavaType;)Z @ 12
Event: 98.116 Thread 0x000000001a9ac800 Uncommon trap: reason=null_check action=make_not_entrant pc=0x0000000002f88ca0 method=com.fasterxml.jackson.databind.ser.SerializerCache.getReadOnlyLookupMap()Lcom/fasterxml/jackson/databind/ser/impl/ReadOnlyClassToSerializerMap; @ 7
Event: 98.820 Thread 0x000000001e72e800 Uncommon trap: reason=bimorphic action=maybe_recompile pc=0x0000000002baa650 method=java.util.AbstractCollection.addAll(Ljava/util/Collection;)Z @ 29

Internal exceptions (10 events):
Event: 98.085 Thread 0x000000001a9af800 Exception <a 'java/lang/ClassNotFoundException': java/lang/ObjectCustomizer> (0x00000000f3871200) thrown at [C:\re\workspace\8-2-build-windows-amd64-cygwin\jdk8u60\4407\hotspot\src\share\vm\classfile\systemDictionary.cpp, line 210]
Event: 98.086 Thread 0x000000001a9af800 Exception <a 'java/lang/ClassNotFoundException': be/kdg/teamh/entities/DeelnameCustomizer> (0x00000000f388a8f8) thrown at [C:\re\workspace\8-2-build-windows-amd64-cygwin\jdk8u60\4407\hotspot\src\share\vm\classfile\systemDictionary.cpp, line 210]
Event: 98.091 Thread 0x000000001a9af800 Implicit null exception at 0x00000000049df750 to 0x00000000049df7d5
Event: 98.106 Thread 0x000000001a9af800 Implicit null exception at 0x0000000002f66458 to 0x0000000002f669c1
Event: 98.111 Thread 0x000000001a9a9800 Implicit null exception at 0x00000000044e92cf to 0x00000000044e9edd
Event: 98.112 Thread 0x000000001a9ab000 Implicit null exception at 0x000000000440b426 to 0x000000000440bfb9
Event: 98.112 Thread 0x000000001a9a9000 Implicit null exception at 0x000000000440b426 to 0x000000000440bfb9
Event: 98.112 Thread 0x000000001a9af800 Implicit null exception at 0x0000000003a709d3 to 0x0000000003a73c35
Event: 98.112 Thread 0x000000001a9a9800 Implicit null exception at 0x000000000440b426 to 0x000000000440bfb9
Event: 98.116 Thread 0x000000001a9ac800 Implicit null exception at 0x0000000002f88c54 to 0x0000000002f88c91

Events (10 events):
Event: 101.966 Thread 0x000000001972a000 flushing nmethod 0x0000000004ba7190
Event: 101.967 Thread 0x000000001972a000 flushing nmethod 0x0000000004bd94d0
Event: 104.399 Executing VM operation: ParallelGCFailedAllocation
Event: 104.402 Executing VM operation: ParallelGCFailedAllocation done
Event: 106.657 Executing VM operation: ParallelGCFailedAllocation
Event: 106.660 Executing VM operation: ParallelGCFailedAllocation done
Event: 108.804 Executing VM operation: ParallelGCFailedAllocation
Event: 108.807 Executing VM operation: ParallelGCFailedAllocation done
Event: 120.000 Executing VM operation: ParallelGCFailedAllocation
Event: 120.009 Executing VM operation: ParallelGCFailedAllocation done


Dynamic libraries:
0x00007ff728b60000 - 0x00007ff728b97000 	C:\Program Files\Java\jdk1.8.0_60\jre\bin\java.exe
0x00007ffafb3d0000 - 0x00007ffafb57c000 	C:\WINDOWS\SYSTEM32\ntdll.dll
0x00007ffafb290000 - 0x00007ffafb3ce000 	C:\WINDOWS\system32\KERNEL32.DLL
0x00007ffaf8940000 - 0x00007ffaf8a55000 	C:\WINDOWS\system32\KERNELBASE.dll
0x00007ffaf6f40000 - 0x00007ffaf6fce000 	C:\WINDOWS\system32\apphelp.dll
0x00007ffae3180000 - 0x00007ffae31d3000 	C:\WINDOWS\AppPatch\AppPatch64\AcGenral.DLL
0x00007ffaf8e20000 - 0x00007ffaf8eca000 	C:\WINDOWS\system32\msvcrt.dll
0x00007ffaf8380000 - 0x00007ffaf83ae000 	C:\WINDOWS\SYSTEM32\SspiCli.dll
0x00007ffaf8a60000 - 0x00007ffaf8ab4000 	C:\WINDOWS\system32\SHLWAPI.dll
0x00007ffaf8ac0000 - 0x00007ffaf8c37000 	C:\WINDOWS\system32\USER32.dll
0x00007ffafaec0000 - 0x00007ffafb054000 	C:\WINDOWS\system32\ole32.dll
0x00007ffaf95c0000 - 0x00007ffafaad8000 	C:\WINDOWS\system32\SHELL32.dll
0x00007ffaf7b00000 - 0x00007ffaf7b21000 	C:\WINDOWS\SYSTEM32\USERENV.dll
0x00007ffaf91a0000 - 0x00007ffaf924a000 	C:\WINDOWS\system32\ADVAPI32.dll
0x00007ffaf1390000 - 0x00007ffaf13ae000 	C:\WINDOWS\SYSTEM32\MPR.dll
0x00007ffafaae0000 - 0x00007ffafac21000 	C:\WINDOWS\system32\RPCRT4.dll
0x00007ffafb070000 - 0x00007ffafb0c9000 	C:\WINDOWS\SYSTEM32\sechost.dll
0x00007ffafac30000 - 0x00007ffafae41000 	C:\WINDOWS\SYSTEM32\combase.dll
0x00007ffaf9050000 - 0x00007ffaf91a0000 	C:\WINDOWS\system32\GDI32.dll
0x00007ffaf8530000 - 0x00007ffaf8545000 	C:\WINDOWS\SYSTEM32\profapi.dll
0x00007ffaf7820000 - 0x00007ffaf78d2000 	C:\WINDOWS\SYSTEM32\SHCORE.dll
0x00007ffaf9580000 - 0x00007ffaf95b6000 	C:\WINDOWS\system32\IMM32.DLL
0x00007ffafb130000 - 0x00007ffafb282000 	C:\WINDOWS\system32\MSCTF.dll
0x00007ffaf84e0000 - 0x00007ffaf8511000 	C:\WINDOWS\system32\nvinitx.dll
0x00007ffaf84d0000 - 0x00007ffaf84da000 	C:\WINDOWS\SYSTEM32\VERSION.dll
0x0000000061d40000 - 0x0000000061d46000 	C:\Program Files\NVIDIA Corporation\CoProcManager\_etoured.dll
0x00007ffaf5700000 - 0x00007ffaf5731000 	C:\Program Files\NVIDIA Corporation\CoProcManager\nvd3d9wrapx.dll
0x00007ffaf8c40000 - 0x00007ffaf8e1a000 	C:\WINDOWS\system32\SETUPAPI.dll
0x00007ffaf86b0000 - 0x00007ffaf86ff000 	C:\WINDOWS\system32\CFGMGR32.dll
0x00007ffaf56d0000 - 0x00007ffaf56f2000 	C:\Program Files\NVIDIA Corporation\CoProcManager\nvdxgiwrapx.dll
0x00007ffaf6550000 - 0x00007ffaf67ca000 	C:\WINDOWS\WinSxS\amd64_microsoft.windows.common-controls_6595b64144ccf1df_6.0.9600.17810_none_6240b9c7ecbd0bda\COMCTL32.dll
0x000000005fd50000 - 0x000000005fe22000 	C:\Program Files\Java\jdk1.8.0_60\jre\bin\msvcr100.dll
0x000000005f4c0000 - 0x000000005fd49000 	C:\Program Files\Java\jdk1.8.0_60\jre\bin\server\jvm.dll
0x00007ffae9780000 - 0x00007ffae9789000 	C:\WINDOWS\SYSTEM32\WSOCK32.dll
0x00007ffaf5af0000 - 0x00007ffaf5b12000 	C:\WINDOWS\SYSTEM32\WINMM.dll
0x00007ffaf9430000 - 0x00007ffaf9437000 	C:\WINDOWS\system32\PSAPI.DLL
0x00007ffaf9520000 - 0x00007ffaf957a000 	C:\WINDOWS\system32\WS2_32.dll
0x00007ffaf5ab0000 - 0x00007ffaf5ada000 	C:\WINDOWS\SYSTEM32\WINMMBASE.dll
0x00007ffaf9420000 - 0x00007ffaf9429000 	C:\WINDOWS\system32\NSI.dll
0x00007ffaf71b0000 - 0x00007ffaf71d8000 	C:\WINDOWS\SYSTEM32\DEVOBJ.dll
0x000000005ff10000 - 0x000000005ff1f000 	C:\Program Files\Java\jdk1.8.0_60\jre\bin\verify.dll
0x000000005fee0000 - 0x000000005ff09000 	C:\Program Files\Java\jdk1.8.0_60\jre\bin\java.dll
0x000000005fec0000 - 0x000000005fed6000 	C:\Program Files\Java\jdk1.8.0_60\jre\bin\zip.dll
0x000000005fe70000 - 0x000000005fe7d000 	C:\Program Files\Java\jdk1.8.0_60\jre\bin\management.dll
0x000000005fea0000 - 0x000000005feba000 	C:\Program Files\Java\jdk1.8.0_60\jre\bin\net.dll
0x00007ffaf7dc0000 - 0x00007ffaf7e19000 	C:\WINDOWS\system32\mswsock.dll
0x00007ffaf2090000 - 0x00007ffaf20a5000 	C:\WINDOWS\system32\napinsp.dll
0x00007ffada2d0000 - 0x00007ffada2ea000 	C:\WINDOWS\system32\pnrpnsp.dll
0x00007ffaf4530000 - 0x00007ffaf454b000 	C:\WINDOWS\system32\NLAapi.dll
0x00007ffaf7bc0000 - 0x00007ffaf7c64000 	C:\WINDOWS\SYSTEM32\DNSAPI.dll
0x00007ffaf4800000 - 0x00007ffaf480d000 	C:\WINDOWS\System32\winrnr.dll
0x00007ffada2b0000 - 0x00007ffada2c4000 	C:\WINDOWS\system32\wshbth.dll
0x00007ffae9770000 - 0x00007ffae977a000 	C:\Windows\System32\rasadhlp.dll
0x00007ffaf2820000 - 0x00007ffaf284a000 	C:\WINDOWS\SYSTEM32\IPHLPAPI.DLL
0x00007ffaf2800000 - 0x00007ffaf280a000 	C:\WINDOWS\SYSTEM32\WINNSI.DLL
0x00007ffaf2290000 - 0x00007ffaf22fb000 	C:\WINDOWS\System32\fwpuclnt.dll
0x000000005fe80000 - 0x000000005fe91000 	C:\Program Files\Java\jdk1.8.0_60\jre\bin\nio.dll
0x00007ffaf7e20000 - 0x00007ffaf7e40000 	C:\WINDOWS\SYSTEM32\CRYPTSP.dll
0x00007ffaf79f0000 - 0x00007ffaf7a26000 	C:\WINDOWS\system32\rsaenh.dll
0x00007ffaf8070000 - 0x00007ffaf8096000 	C:\WINDOWS\SYSTEM32\bcrypt.dll
0x00007ffaf83b0000 - 0x00007ffaf8413000 	C:\WINDOWS\system32\bcryptprimitives.dll
0x00007ffaf8420000 - 0x00007ffaf842b000 	C:\WINDOWS\SYSTEM32\CRYPTBASE.dll
0x00007ffaf2730000 - 0x00007ffaf2746000 	C:\WINDOWS\SYSTEM32\dhcpcsvc6.DLL
0x00007ffaf2710000 - 0x00007ffaf272a000 	C:\WINDOWS\SYSTEM32\dhcpcsvc.DLL
0x000000005f490000 - 0x000000005f4b4000 	C:\Program Files\Java\jdk1.8.0_60\jre\bin\sunec.dll
0x000000005fe60000 - 0x000000005fe6b000 	C:\Program Files\Java\jdk1.8.0_60\jre\bin\sunmscapi.dll
0x0000000025030000 - 0x000000002520f000 	C:\WINDOWS\system32\CRYPT32.dll
0x00007ffaf85e0000 - 0x00007ffaf85f1000 	C:\WINDOWS\system32\MSASN1.dll

VM Arguments:
java_command: be.kdg.teamh.Application --spring.profiles.active=development
java_class_path (initial): C:\Users\Moussa\Desktop\teamh-spring\target\classes;C:\Users\Moussa\.m2\repository\org\springframework\boot\spring-boot-starter-web\1.3.2.RELEASE\spring-boot-starter-web-1.3.2.RELEASE.jar;C:\Users\Moussa\.m2\repository\org\springframework\spring-expression\4.2.4.RELEASE\spring-expression-4.2.4.RELEASE.jar;C:\Users\Moussa\.m2\repository\org\springframework\spring-beans\4.2.4.RELEASE\spring-beans-4.2.4.RELEASE.jar;C:\Users\Moussa\.m2\repository\aopalliance\aopalliance\1.0\aopalliance-1.0.jar;C:\Users\Moussa\.m2\repository\org\slf4j\log4j-over-slf4j\1.7.13\log4j-over-slf4j-1.7.13.jar;C:\Users\Moussa\.m2\repository\com\fasterxml\jackson\core\jackson-databind\2.6.5\jackson-databind-2.6.5.jar;C:\Users\Moussa\.m2\repository\org\springframework\boot\spring-boot-starter-logging\1.3.2.RELEASE\spring-boot-starter-logging-1.3.2.RELEASE.jar;C:\Users\Moussa\.m2\repository\org\springframework\boot\spring-boot-starter-aop\1.3.2.RELEASE\spring-boot-starter-aop-1.3.2.RELEASE.jar;C:\Users\Moussa\.m2\repository\org\springframework\boot\spring-boot-starter-jdbc\1.3.2.RELEASE\spring-boot-starter-jdbc-1.3.2.RELEASE.jar;C:\Users\Moussa\.m2\repository\org\aspectj\aspectjweaver\1.8.8\aspectjweaver-1.8.8.jar;C:\Users\Moussa\.m2\repository\xml-apis\xml-apis\1.0.b2\xml-apis-1.0.b2.jar;C:\Users\Moussa\.m2\repository\com\fasterxml\jackson\core\jackson-annotations\2.6.5\jackson-annotations-2.6.5.jar;C:\Users\Moussa\.m2\repository\org\springframework\boot\spring-boot-devtools\1.3.2.RELEASE\spring-boot-devtools-1.3.2.RELEASE.jar;C:\Users\Moussa\.m2\repository\org\apache\tomcat\embed\tomcat-embed-el\8.0.30\tomcat-embed-el-8.0.30.jar;C:\Users\Moussa\.m2\repository\org\hsqldb\hsqldb\2.3.3\hsqldb-2.3.3.jar;C:\Users\Moussa\.m2\repository\org\springframework\boot\spring-boot-starter-data-jpa\1.3.2.RELEASE\spring-boot-starter-data-jpa-1.3.2.RELEASE.jar;C:\Users\Moussa\.m2\repository\org\springframework\spring-aop\4.2.4.RELEASE\spring-aop-4.2.4.RELEASE.jar;C:\Users\Moussa\.m2\re
Launcher Type: SUN_STANDARD

Environment Variables:
JAVA_HOME=C:\Program Files\Java\jdk1.8.0_60
PATH=C:\ProgramData\Oracle\Java\javapath;C:\Program Files (x86)\Intel\iCLS Client\;C:\Program Files\Intel\iCLS Client\;C:\WINDOWS\system32;C:\WINDOWS;C:\WINDOWS\System32\Wbem;C:\WINDOWS\System32\WindowsPowerShell\v1.0\;C:\Program Files\Intel\Intel(R) Management Engine Components\DAL;C:\Program Files (x86)\Intel\Intel(R) Management Engine Components\DAL;C:\Program Files\Intel\Intel(R) Management Engine Components\IPT;C:\Program Files (x86)\Intel\Intel(R) Management Engine Components\IPT;C:\Program Files (x86)\Windows Kits\8.1\Windows Performance Toolkit\;C:\Program Files\Microsoft SQL Server\110\Tools\Binn\;C:\Program Files (x86)\Microsoft SDKs\TypeScript\1.0\;C:\Program Files\Microsoft\Web Platform Installer\;C:\Program Files (x86)\Microsoft SQL Server\110\Tools\Binn\;C:\Program Files\Microsoft SQL Server\110\DTS\Binn\;C:\Program Files (x86)\Microsoft SQL Server\110\Tools\Binn\ManagementStudio\;C:\Program Files (x86)\Microsoft SQL Server\110\DTS\Binn\;C:\Program Files (x86)\NVIDIA Corporation\PhysX\Common;C:\Program Files\OpenVPN\bin;C:\Program Files\TortoiseSVN\bin;C:\Program Files (x86)\VisualSVN\bin;C:\Program Files (x86)\Skype\Phone\;C:\Program Files (x86)\scala\bin;C:\Program Files (x86)\Heroku\bin;C:\Program Files (x86)\git\cmd;C:\Program Files\nodejs\;C:\Ruby22-x64\bin;C:\Users\Moussa\AppData\Roaming\npm
USERNAME=Moussa
OS=Windows_NT
PROCESSOR_IDENTIFIER=Intel64 Family 6 Model 60 Stepping 3, GenuineIntel



---------------  S Y S T E M  ---------------

OS: Windows 8.1 , 64 bit Build 9600 (6.3.9600.17415)

CPU:total 8 (4 cores per cpu, 2 threads per core) family 6 model 60 stepping 3, cmov, cx8, fxsr, mmx, sse, sse2, sse3, ssse3, sse4.1, sse4.2, popcnt, avx, avx2, aes, clmul, erms, lzcnt, ht, tsc, tscinvbit, bmi1, bmi2

Memory: 4k page, physical 8139116k(1516012k free), swap 17583600k(1055544k free)

vm_info: Java HotSpot(TM) 64-Bit Server VM (25.60-b23) for windows-amd64 JRE (1.8.0_60-b27), built on Aug  4 2015 11:06:27 by "java_re" with MS VC++ 10.0 (VS2010)

time: Thu Mar 10 22:21:24 2016
elapsed time: 133 seconds (0d 0h 2m 13s)

